<?xml version="1.0" encoding="UTF-8"?>
<!-- Generated by org.testng.reporters.JUnitReportReporter -->
<testsuite skipped="0" hostname="SHEETAL-PC" name="com.scp.test.ATest" tests="5" failures="0" timestamp="13 Nov 2018 04:22:42 GMT" time="0.020" errors="0">
  <testcase name="m1" time="0.014" classname="com.scp.test.ATest"/>
  <testcase name="m2" time="0.002" classname="com.scp.test.ATest"/>
  <testcase name="m4" time="0.001" classname="com.scp.test.ATest"/>
  <testcase name="m5" time="0.002" classname="com.scp.test.ATest"/>
  <testcase name="m3" time="0.001" classname="com.scp.test.ATest"/>
</testsuite> <!-- com.scp.test.ATest -->
